<?xml version="1.0" encoding="UTF-8"?>
<!-- Generated by org.testng.reporters.JUnitXMLReporter -->
<testsuite ignored="0" hostname="DESKTOP-HFUG0EO" failures="0" tests="1" name="Default test" time="0.046" errors="0" timestamp="2022-12-04T15:40:27 IST">
  <testcase classname="Demo.Login" name="@BeforeSuite openBrowser" time="0.802">
    <failure type="java.lang.ClassCastException" message="class io.github.bonigarcia.wdm.managers.ChromeDriverManager cannot be cast to class org.openqa.selenium.WebDriver (io.github.bonigarcia.wdm.managers.ChromeDriverManager and org.openqa.selenium.WebDriver are in unnamed module of loader &amp;apos;app&amp;apos;)">
      <![CDATA[java.lang.ClassCastException: class io.github.bonigarcia.wdm.managers.ChromeDriverManager cannot be cast to class org.openqa.selenium.WebDriver (io.github.bonigarcia.wdm.managers.ChromeDriverManager and org.openqa.selenium.WebDriver are in unnamed module of loader 'app')
at Demo.Login.openBrowser(Login.java:26)
at java.base/jdk.internal.reflect.NativeMethodAccessorImpl.invoke0(Native Method)
at java.base/jdk.internal.reflect.NativeMethodAccessorImpl.invoke(NativeMethodAccessorImpl.java:78)
at java.base/jdk.internal.reflect.DelegatingMethodAccessorImpl.invoke(DelegatingMethodAccessorImpl.java:43)
at java.base/java.lang.reflect.Method.invoke(Method.java:567)
at org.testng.internal.MethodInvocationHelper.invokeMethod(MethodInvocationHelper.java:133)
at org.testng.internal.MethodInvocationHelper.invokeMethodConsideringTimeout(MethodInvocationHelper.java:62)
at org.testng.internal.ConfigInvoker.invokeConfigurationMethod(ConfigInvoker.java:385)
at org.testng.internal.ConfigInvoker.invokeConfigurations(ConfigInvoker.java:321)
at org.testng.SuiteRunner.privateRun(SuiteRunner.java:317)
at org.testng.SuiteRunner.run(SuiteRunner.java:276)
at org.testng.SuiteRunnerWorker.runSuite(SuiteRunnerWorker.java:53)
at org.testng.SuiteRunnerWorker.run(SuiteRunnerWorker.java:96)
at org.testng.TestNG.runSuitesSequentially(TestNG.java:1212)
at org.testng.TestNG.runSuitesLocally(TestNG.java:1134)
at org.testng.TestNG.runSuites(TestNG.java:1063)
at org.testng.TestNG.run(TestNG.java:1031)
at org.testng.remote.AbstractRemoteTestNG.run(AbstractRemoteTestNG.java:115)
at org.testng.remote.RemoteTestNG.initAndRun(RemoteTestNG.java:251)
at org.testng.remote.RemoteTestNG.main(RemoteTestNG.java:77)
]]>
    </failure>
  </testcase> <!-- @BeforeSuite openBrowser -->
  <testcase classname="Demo.Login" name="@BeforeTest openUrl" time="-1.670148627331E9">
    <skipped/>
  </testcase> <!-- @BeforeTest openUrl -->
  <testcase classname="Demo.Login" name="checkItems" time="0.0">
    <skipped/>
  </testcase> <!-- checkItems -->
</testsuite> <!-- Default test -->
