<?xml version="1.0" encoding="UTF-8"?>
<testng-results ignored="0" total="3" passed="2" failed="1" skipped="0">
  <reporter-output>
  </reporter-output>
  <suite started-at="2022-11-17T18:18:14 IST" name="Default suite" finished-at="2022-11-17T18:18:52 IST" duration-ms="38230">
    <groups>
    </groups>
    <test started-at="2022-11-17T18:18:14 IST" name="Default test" finished-at="2022-11-17T18:18:52 IST" duration-ms="38230">
      <class name="realTimeTask.Pushpa_movie">
        <test-method is-config="true" signature="openBrowser()[pri:0, instance:realTimeTask.Pushpa_movie@44821a96]" started-at="2022-11-17T18:17:53 IST" name="openBrowser" finished-at="2022-11-17T18:18:14 IST" duration-ms="20266" status="PASS">
          <reporter-output>
          </reporter-output>
        </test-method> <!-- openBrowser -->
        <test-method signature="iMBD()[pri:1, instance:realTimeTask.Pushpa_movie@44821a96]" started-at="2022-11-17T18:18:14 IST" name="iMBD" description="IMBD date and country time" finished-at="2022-11-17T18:18:34 IST" duration-ms="20001" status="PASS">
          <reporter-output>
          </reporter-output>
        </test-method> <!-- iMBD -->
        <test-method signature="wikiPedia()[pri:2, instance:realTimeTask.Pushpa_movie@44821a96]" started-at="2022-11-17T18:18:34 IST" name="wikiPedia" description="Wikipedia date and country time get here" finished-at="2022-11-17T18:18:52 IST" duration-ms="17923" status="PASS">
          <reporter-output>
          </reporter-output>
        </test-method> <!-- wikiPedia -->
        <test-method signature="assert_toCheck_country()[pri:3, instance:realTimeTask.Pushpa_movie@44821a96]" started-at="2022-11-17T18:18:52 IST" name="assert_toCheck_country" description="Check for Assertion" finished-at="2022-11-17T18:18:52 IST" duration-ms="62" status="FAIL">
          <exception class="java.lang.AssertionError">
            <message>
              <![CDATA[If release date not matched test will fail expected [17 December 2021] but found [December 17, 2021 (United States)]]]>
            </message>
            <full-stacktrace>
              <![CDATA[java.lang.AssertionError: If release date not matched test will fail expected [17 December 2021] but found [December 17, 2021 (United States)]
at org.testng.Assert.fail(Assert.java:99)
at org.testng.Assert.failNotEquals(Assert.java:1037)
at org.testng.Assert.assertEqualsImpl(Assert.java:140)
at org.testng.Assert.assertEquals(Assert.java:122)
at org.testng.Assert.assertEquals(Assert.java:629)
at realTimeTask.Pushpa_movie.assert_toCheck_country(Pushpa_movie.java:67)
at java.base/jdk.internal.reflect.NativeMethodAccessorImpl.invoke0(Native Method)
at java.base/jdk.internal.reflect.NativeMethodAccessorImpl.invoke(NativeMethodAccessorImpl.java:78)
at java.base/jdk.internal.reflect.DelegatingMethodAccessorImpl.invoke(DelegatingMethodAccessorImpl.java:43)
at java.base/java.lang.reflect.Method.invoke(Method.java:567)
at org.testng.internal.MethodInvocationHelper.invokeMethod(MethodInvocationHelper.java:133)
at org.testng.internal.TestInvoker.invokeMethod(TestInvoker.java:598)
at org.testng.internal.TestInvoker.invokeTestMethod(TestInvoker.java:173)
at org.testng.internal.MethodRunner.runInSequence(MethodRunner.java:46)
at org.testng.internal.TestInvoker$MethodInvocationAgent.invoke(TestInvoker.java:824)
at org.testng.internal.TestInvoker.invokeTestMethods(TestInvoker.java:146)
at org.testng.internal.TestMethodWorker.invokeTestMethods(TestMethodWorker.java:146)
at org.testng.internal.TestMethodWorker.run(TestMethodWorker.java:128)
at java.base/java.util.ArrayList.forEach(ArrayList.java:1511)
at org.testng.TestRunner.privateRun(TestRunner.java:794)
at org.testng.TestRunner.run(TestRunner.java:596)
at org.testng.SuiteRunner.runTest(SuiteRunner.java:377)
at org.testng.SuiteRunner.runSequentially(SuiteRunner.java:371)
at org.testng.SuiteRunner.privateRun(SuiteRunner.java:332)
at org.testng.SuiteRunner.run(SuiteRunner.java:276)
at org.testng.SuiteRunnerWorker.runSuite(SuiteRunnerWorker.java:53)
at org.testng.SuiteRunnerWorker.run(SuiteRunnerWorker.java:96)
at org.testng.TestNG.runSuitesSequentially(TestNG.java:1212)
at org.testng.TestNG.runSuitesLocally(TestNG.java:1134)
at org.testng.TestNG.runSuites(TestNG.java:1063)
at org.testng.TestNG.run(TestNG.java:1031)
at org.testng.remote.AbstractRemoteTestNG.run(AbstractRemoteTestNG.java:115)
at org.testng.remote.RemoteTestNG.initAndRun(RemoteTestNG.java:251)
at org.testng.remote.RemoteTestNG.main(RemoteTestNG.java:77)
]]>
            </full-stacktrace>
          </exception> <!-- java.lang.AssertionError -->
          <reporter-output>
          </reporter-output>
        </test-method> <!-- assert_toCheck_country -->
      </class> <!-- realTimeTask.Pushpa_movie -->
    </test> <!-- Default test -->
  </suite> <!-- Default suite -->
</testng-results>
